Check global input consistency...
Done.
- Finished with read_parameters.
  Reading topology file: /home/charmm-gui/local/GalaxyFill/data/topology_charmm22ph.in
  Reading topology file: /home/charmm-gui/local/GalaxyFill/data/topology_charmm22ph_nt.in
  Reading topology file: /home/charmm-gui/local/GalaxyFill/data/topology_charmm22ph_ct.in
- Finished with read_topology_geo.
  Reading topology file: /home/charmm-gui/local/GalaxyFill/data/topology_eng_charmm22ph.in
  Num_ref_res =    77
- Finished with read_topology_eng.
- Rotamer setup
  Reading rotamer library file  /home/charmm-gui/local/GalaxyFill/data/bbdep02.May.sortlib
  Total number of rotamers in rot lib file      466829
  Reading infile_chi_def file  /home/charmm-gui/local/GalaxyFill/data/def_chi.in
  Random seed =   11317509
Task: local_optimize
 - local_optimize_relax: no
 - local_optimize_sidechain: no
============================================================
  Reading sequence from pdb file: 5x7b_proa.orig_init.pdb
    There seems to be break in chain.  165 A SER   166 A LYS  C-N bond length is     1.604
  Reading pdb file: 5x7b_proa.orig_init.pdb
- Add missing atoms activated.
  Number of added heavy atoms =     0
  Total number of added atoms =     0
  n_unplaced =     0
- Fix type "all" activated: All atoms except ULR/USC are fixed.
- Energy: MM energy activated.
- Add missing atoms activated.
  Number of added heavy atoms =     0
  Total number of added atoms =     0
  n_unplaced =     0
Before optimization, 5x7b_proa.orig_init.pdb ENERGY.0       6838.439
Before optimization, 5x7b_proa.orig_init.pdb ENERGY.1       6838.439        0.000        0.000
Before optimization, 5x7b_proa.orig_init.pdb ENERGY.2.0     36.441    325.369    286.362    148.694   6041.573      0.000      0.000      0.000      0.000      0.000      0.000      0.000      0.000      0.000      0.000      0.000      0.000      0.000      0.000      0.000
After  optimization, 5x7b_proa.orig_init.pdb ENERGY.0         39.580
After  optimization, 5x7b_proa.orig_init.pdb ENERGY.1         39.580        0.000        0.000
After  optimization, 5x7b_proa.orig_init.pdb ENERGY.2.0      2.486     31.261     42.865     33.241    -70.273      0.000      0.000      0.000      0.000      0.000      0.000      0.000      0.000      0.000      0.000      0.000      0.000      0.000      0.000      0.000
------------------------------------------------------------
Total User Time =      8.605 sec
           0 dy  0 hr  0 min  8.605 sec
------------------------------------------------------------
